<?xml version="1.0" encoding="UTF-8"?>
<!-- Generated by org.testng.reporters.JUnitReportReporter -->
<testsuite hostname="LAPTOP-EQ8DSET5" failures="0" tests="4" name="tests.Offline_Control_Mode" time="120.512" errors="0" timestamp="2023-04-06T12:21:17 CET" skipped="0">
  <testcase classname="tests.Offline_Control_Mode" name="CreationSite" time="7.392"/>
  <system-out/>
  <testcase classname="tests.Offline_Control_Mode" name="Creation_Area" time="10.152"/>
  <system-out/>
  <testcase classname="tests.Offline_Control_Mode" name="login" time="25.043"/>
  <system-out/>
  <testcase classname="tests.Offline_Control_Mode" name="add_Device" time="77.925"/>
  <system-out/>
</testsuite> <!-- tests.Offline_Control_Mode -->
