<?xml version="1.0" encoding="UTF-8"?>
<!-- Generated by org.testng.reporters.JUnitReportReporter -->
<testsuite hostname="LAPTOP-EQ8DSET5" failures="0" tests="1" name="tests.offline_Authentication" time="14.969" errors="0" timestamp="2023-05-16T19:03:35 CET" skipped="0">
  <testcase classname="tests.offline_Authentication" name="login" time="14.969"/>
  <system-out/>
</testsuite> <!-- tests.offline_Authentication -->
