<?xml version="1.0" encoding="UTF-8"?>
<!-- Generated by org.testng.reporters.JUnitReportReporter -->
<testsuite hostname="LAPTOP-EQ8DSET5" failures="0" tests="3" name="tests.Offline_Control_Mode" time="43.689" errors="0" timestamp="2023-04-03T11:22:01 CET" skipped="0">
  <testcase classname="tests.Offline_Control_Mode" name="CreationSite" time="7.941"/>
  <system-out/>
  <testcase classname="tests.Offline_Control_Mode" name="login" time="25.834"/>
  <system-out/>
  <testcase classname="tests.Offline_Control_Mode" name="Creation_Area" time="9.914"/>
  <system-out/>
</testsuite> <!-- tests.Offline_Control_Mode -->
