<?xml version="1.0" encoding="UTF-8"?>
<!-- Generated by org.testng.reporters.JUnitReportReporter -->
<testsuite hostname="LAPTOP-EQ8DSET5" failures="0" tests="1" name="tests.Offline_Authentification" time="31.048" errors="0" timestamp="2023-04-03T08:48:05 CET" skipped="0">
  <testcase classname="tests.Offline_Authentification" name="login" time="31.048"/>
  <system-out/>
</testsuite> <!-- tests.Offline_Authentification -->
