<?xml version="1.0" encoding="UTF-8"?>
<!-- Generated by org.testng.reporters.JUnitReportReporter -->
<testsuite hostname="DESKTOP-OOTTLBB" failures="0" tests="1" name="tests.BaseClass" time="20.159" errors="0" timestamp="2023-03-22T15:25:10 CET" skipped="0">
  <testcase classname="tests.BaseClass" name="Login" time="20.159"/>
  <system-out/>
</testsuite> <!-- tests.BaseClass -->
