<?xml version="1.0" encoding="UTF-8"?>
<!-- Generated by org.testng.reporters.JUnitReportReporter -->
<testsuite hostname="LAPTOP-EQ8DSET5" failures="0" tests="6" name="tests.Offline_Control_Mode" time="56.066" errors="0" timestamp="2023-04-17T02:43:28 CET" skipped="0">
  <testcase classname="tests.Offline_Control_Mode" name="login" time="27.803"/>
  <system-out/>
  <testcase classname="tests.Offline_Control_Mode" name="Creation_Area" time="6.642"/>
  <system-out/>
  <testcase classname="tests.Offline_Control_Mode" name="Creation_Another_Site" time="0.002"/>
  <system-out/>
  <testcase classname="tests.Offline_Control_Mode" name="secondArea" time="16.341"/>
  <system-out/>
  <testcase classname="tests.Offline_Control_Mode" name="Delete_Area" time="0.002"/>
  <system-out/>
  <testcase classname="tests.Offline_Control_Mode" name="CreationSite" time="5.276"/>
  <system-out/>
</testsuite> <!-- tests.Offline_Control_Mode -->
