<?xml version="1.0" encoding="UTF-8"?>
<!-- Generated by org.testng.reporters.JUnitReportReporter -->
<testsuite hostname="LAPTOP-EQ8DSET5" failures="0" tests="9" name="tests.Offline_Control_Mode" time="135.632" errors="0" timestamp="2023-04-28T02:12:59 CET" skipped="0">
  <testcase classname="tests.Offline_Control_Mode" name="Creation_Area" time="7.840"/>
  <system-out/>
  <testcase classname="tests.Offline_Control_Mode" name="login" time="21.324"/>
  <system-out/>
  <testcase classname="tests.Offline_Control_Mode" name="Creation_Another_Site" time="0.002"/>
  <system-out/>
  <testcase classname="tests.Offline_Control_Mode" name="Delete_Area" time="0.002"/>
  <system-out/>
  <testcase classname="tests.Offline_Control_Mode" name="getStatus" time="15.103"/>
  <system-out/>
  <testcase classname="tests.Offline_Control_Mode" name="CreationSite" time="7.376"/>
  <system-out/>
  <testcase classname="tests.Offline_Control_Mode" name="secondArea" time="0.085"/>
  <system-out/>
  <testcase classname="tests.Offline_Control_Mode" name="editDevice" time="0.574"/>
  <system-out/>
  <testcase classname="tests.Offline_Control_Mode" name="add_Device" time="83.326"/>
  <system-out/>
</testsuite> <!-- tests.Offline_Control_Mode -->
