<?xml version="1.0" encoding="UTF-8"?>
<!-- Generated by org.testng.reporters.JUnitReportReporter -->
<testsuite hostname="LAPTOP-EQ8DSET5" failures="0" tests="9" name="tests.Offline_Control_Mode" time="234.636" errors="0" timestamp="2023-05-15T19:46:00 CET" skipped="0">
  <testcase classname="tests.Offline_Control_Mode" name="addAutomationOnce" time="40.117"/>
  <system-out/>
  <testcase classname="tests.Offline_Control_Mode" name="addDevice" time="39.445"/>
  <system-out/>
  <testcase classname="tests.Offline_Control_Mode" name="editDeviceName" time="34.608"/>
  <system-out/>
  <testcase classname="tests.Offline_Control_Mode" name="addFav" time="1.893"/>
  <system-out/>
  <testcase classname="tests.Offline_Control_Mode" name="Creation_Area" time="5.470"/>
  <system-out/>
  <testcase classname="tests.Offline_Control_Mode" name="login" time="53.953"/>
  <system-out/>
  <testcase classname="tests.Offline_Control_Mode" name="CreationSite" time="10.023"/>
  <system-out/>
  <testcase classname="tests.Offline_Control_Mode" name="removeFav" time="40.041"/>
  <system-out/>
  <testcase classname="tests.Offline_Control_Mode" name="getStatus" time="9.086"/>
  <system-out/>
</testsuite> <!-- tests.Offline_Control_Mode -->
