<?xml version="1.0" encoding="UTF-8"?>
<!-- Generated by org.testng.reporters.JUnitReportReporter -->
<testsuite hostname="LAPTOP-EQ8DSET5" failures="0" tests="1" name="tests.Offline_Authentification" time="28.143" errors="0" timestamp="2023-04-16T05:09:49 CET" skipped="0">
  <testcase classname="tests.Offline_Authentification" name="login" time="28.143"/>
  <system-out/>
</testsuite> <!-- tests.Offline_Authentification -->
