<?xml version="1.0" encoding="UTF-8"?>
<!-- Generated by org.testng.reporters.JUnitReportReporter -->
<testsuite hostname="LAPTOP-EQ8DSET5" failures="0" tests="5" name="tests.Offline_Control_Mode" time="46.168" errors="0" timestamp="2023-04-16T09:13:26 CET" skipped="0">
  <testcase classname="tests.Offline_Control_Mode" name="login" time="24.468"/>
  <system-out/>
  <testcase classname="tests.Offline_Control_Mode" name="Creation_Area" time="7.158"/>
  <system-out/>
  <testcase classname="tests.Offline_Control_Mode" name="CreationSite" time="6.273"/>
  <system-out/>
  <testcase classname="tests.Offline_Control_Mode" name="editArea" time="2.078"/>
  <system-out/>
  <testcase classname="tests.Offline_Control_Mode" name="secondArea" time="6.191"/>
  <system-out/>
</testsuite> <!-- tests.Offline_Control_Mode -->
