<?xml version="1.0" encoding="UTF-8"?>
<!-- Generated by org.testng.reporters.JUnitReportReporter -->
<testsuite hostname="DESKTOP-OOTTLBB" failures="0" tests="1" name="tests.Login_invalid_code_pin" time="21.276" errors="0" timestamp="2023-03-22T16:21:51 CET" skipped="0">
  <testcase classname="tests.Login_invalid_code_pin" name="Testone" time="21.276"/>
  <system-out/>
</testsuite> <!-- tests.Login_invalid_code_pin -->
