<?xml version="1.0" encoding="UTF-8"?>
<!-- Generated by org.testng.reporters.JUnitReportReporter -->
<testsuite hostname="DESKTOP-OOTTLBB" failures="0" tests="1" name="tests.Login" time="20.940" errors="0" timestamp="2023-03-22T15:50:47 CET" skipped="0">
  <testcase classname="tests.Login" name="Testone" time="20.940"/>
  <system-out/>
</testsuite> <!-- tests.Login -->
