<?xml version="1.0" encoding="UTF-8"?>
<!-- Generated by org.testng.reporters.JUnitReportReporter -->
<testsuite hostname="LAPTOP-EQ8DSET5" failures="0" tests="3" name="tests.Offline_Control_Mode" time="47.108" errors="0" timestamp="2023-04-03T11:50:13 CET" skipped="0">
  <testcase classname="tests.Offline_Control_Mode" name="CreationSite" time="7.879"/>
  <system-out/>
  <testcase classname="tests.Offline_Control_Mode" name="login" time="28.896"/>
  <system-out/>
  <testcase classname="tests.Offline_Control_Mode" name="Creation_Area" time="10.333"/>
  <system-out/>
</testsuite> <!-- tests.Offline_Control_Mode -->
