<?xml version="1.0" encoding="UTF-8"?>
<!-- Generated by org.testng.reporters.JUnitReportReporter -->
<testsuite hostname="LAPTOP-EQ8DSET5" failures="0" tests="6" name="tests.offlineControl" time="180.500" errors="0" timestamp="2023-05-16T19:26:37 CET" skipped="0">
  <testcase classname="tests.offlineControl" name="Creation_Area" time="30.122"/>
  <system-out/>
  <testcase classname="tests.offlineControl" name="login" time="0.013"/>
  <system-out/>
  <testcase classname="tests.offlineControl" name="addDevice" time="120.148"/>
  <system-out/>
  <testcase classname="tests.offlineControl" name="addFav" time="0.011"/>
  <system-out/>
  <testcase classname="tests.offlineControl" name="CreationSite" time="30.182"/>
  <system-out/>
  <testcase classname="tests.offlineControl" name="removeFav" time="0.024"/>
  <system-out/>
</testsuite> <!-- tests.offlineControl -->
