<?xml version="1.0" encoding="UTF-8"?>
<!-- Generated by org.testng.reporters.JUnitReportReporter -->
<testsuite hostname="LAPTOP-EQ8DSET5" failures="0" tests="6" name="tests.offline_Control" time="292.119" errors="0" timestamp="2023-05-16T23:27:16 CET" skipped="0">
  <testcase classname="tests.offline_Control" name="addFav" time="12.519"/>
  <system-out/>
  <testcase classname="tests.offline_Control" name="removeFav" time="54.868"/>
  <system-out/>
  <testcase classname="tests.offline_Control" name="addDevice" time="188.627"/>
  <system-out/>
  <testcase classname="tests.offline_Control" name="CreationSite" time="12.223"/>
  <system-out/>
  <testcase classname="tests.offline_Control" name="login" time="17.897"/>
  <system-out/>
  <testcase classname="tests.offline_Control" name="Creation_Area" time="5.985"/>
  <system-out/>
</testsuite> <!-- tests.offline_Control -->
