<?xml version="1.0" encoding="UTF-8"?>
<!-- Generated by org.testng.reporters.JUnitReportReporter -->
<testsuite hostname="LAPTOP-EQ8DSET5" failures="0" tests="3" name="tests.Offline_Control_Mode" time="383.018" errors="0" timestamp="2023-05-10T01:19:30 CET" skipped="0">
  <testcase classname="tests.Offline_Control_Mode" name="login" time="26.397"/>
  <system-out/>
  <testcase classname="tests.Offline_Control_Mode" name="CreationSite" time="10.951"/>
  <system-out/>
  <testcase classname="tests.Offline_Control_Mode" name="Creation_Area" time="345.670"/>
  <system-out/>
</testsuite> <!-- tests.Offline_Control_Mode -->
