<?xml version="1.0" encoding="UTF-8"?>
<!-- Generated by org.testng.reporters.JUnitReportReporter -->
<testsuite hostname="LAPTOP-EQ8DSET5" failures="0" tests="5" name="tests.Manual_Auto" time="99.067" errors="0" timestamp="2023-05-09T19:19:07 CET" skipped="0">
  <testcase classname="tests.Manual_Auto" name="login" time="20.703"/>
  <system-out/>
  <testcase classname="tests.Manual_Auto" name="CreationSite" time="6.330"/>
  <system-out/>
  <testcase classname="tests.Manual_Auto" name="deviceControl" time="60.010"/>
  <system-out/>
  <testcase classname="tests.Manual_Auto" name="addAutoScene" time="1.345"/>
  <system-out/>
  <testcase classname="tests.Manual_Auto" name="Creation_Area" time="10.679"/>
  <system-out/>
</testsuite> <!-- tests.Manual_Auto -->
