<?xml version="1.0" encoding="UTF-8"?>
<!-- Generated by org.testng.reporters.JUnitReportReporter -->
<testsuite hostname="DESKTOP-OOTTLBB" failures="0" tests="1" name="tests.Authentification_valide" time="21.485" errors="0" timestamp="2023-03-23T11:47:11 CET" skipped="0">
  <testcase classname="tests.Authentification_valide" name="login" time="21.485"/>
  <system-out/>
</testsuite> <!-- tests.Authentification_valide -->
