<?xml version="1.0" encoding="UTF-8"?>
<!-- Generated by org.testng.reporters.JUnitReportReporter -->
<testsuite hostname="LAPTOP-EQ8DSET5" failures="0" tests="7" name="tests.provisionningManagement" time="375.603" errors="0" timestamp="2023-05-16T18:37:19 CET" skipped="0">
  <testcase classname="tests.provisionningManagement" name="addDevice" time="243.716"/>
  <system-out/>
  <testcase classname="tests.provisionningManagement" name="removeFav" time="16.805"/>
  <system-out/>
  <testcase classname="tests.provisionningManagement" name="login" time="35.101"/>
  <system-out/>
  <testcase classname="tests.provisionningManagement" name="addFav" time="20.205"/>
  <system-out/>
  <testcase classname="tests.provisionningManagement" name="Creation_Area" time="11.231"/>
  <system-out/>
  <testcase classname="tests.provisionningManagement" name="addAutomationOnce" time="30.364"/>
  <system-out/>
  <testcase classname="tests.provisionningManagement" name="CreationSite" time="18.181"/>
  <system-out/>
</testsuite> <!-- tests.provisionningManagement -->
